<?xml version="1.0" encoding="UTF-8"?>
<testng-results skipped="0" failed="0" ignored="0" total="1" passed="1">
  <reporter-output>
  </reporter-output>
  <suite name="Command line suite" duration-ms="248" started-at="2022-02-05T09:36:43 IST" finished-at="2022-02-05T09:36:43 IST">
    <groups>
    </groups>
    <test name="Command line test" duration-ms="248" started-at="2022-02-05T09:36:43 IST" finished-at="2022-02-05T09:36:43 IST">
      <class name="Cucumber.RestAssured_API_Framework_By_RahulShetty.AppTest">
        <test-method status="PASS" signature="testApp()" name="testApp" duration-ms="56" started-at="2022-02-05T09:36:43 IST" finished-at="2022-02-05T09:36:43 IST">
          <reporter-output>
          </reporter-output>
        </test-method> <!-- testApp -->
      </class> <!-- Cucumber.RestAssured_API_Framework_By_RahulShetty.AppTest -->
    </test> <!-- Command line test -->
  </suite> <!-- Command line suite -->
</testng-results>
